# JRE version: Java(TM) SE Runtime Environment (8.0_144-b01) (build 1.8.0_144-b01)
# Java VM: Java HotSpot(TM) Client VM (25.144-b01 mixed mode windows-x86 )
Heap:
 def new generation   total 4928K, used 2324K [0x06e00000, 0x07350000, 0x0c350000)
  eden space 4416K,  51% used [0x06e00000, 0x0703bc40, 0x07250000)
  from space 512K,   7% used [0x072d0000, 0x072d9610, 0x07350000)
  to   space 512K,   0% used [0x07250000, 0x07250000, 0x072d0000)
 tenured generation   total 10944K, used 3778K [0x0c350000, 0x0ce00000, 0x16e00000)
   the space 10944K,  34% used [0x0c350000, 0x0c700b30, 0x0c700c00, 0x0ce00000)
 Metaspace       used 7814K, capacity 7994K, committed 8064K, reserved 8576K
GC Heap History (10 events):
Event: 87.410 GC heap before
{Heap before GC invocations=4 (full 0):
 def new generation   total 4928K, used 4521K [0x06e00000, 0x07350000, 0x0c350000)
  eden space 4416K, 100% used [0x06e00000, 0x07250000, 0x07250000)
  from space 512K,  20% used [0x07250000, 0x0726a4f0, 0x072d0000)
  to   space 512K,   0% used [0x072d0000, 0x072d0000, 0x07350000)
 tenured generation   total 10944K, used 3348K [0x0c350000, 0x0ce00000, 0x16e00000)
   the space 10944K,  30% used [0x0c350000, 0x0c695120, 0x0c695200, 0x0ce00000)
 Metaspace       used 7734K, capacity 7930K, committed 8064K, reserved 8576K
Event: 87.411 GC heap after
Heap after GC invocations=5 (full 0):
 def new generation   total 4928K, used 195K [0x06e00000, 0x07350000, 0x0c350000)
  eden space 4416K,   0% used [0x06e00000, 0x06e00000, 0x07250000)
  from space 512K,  38% used [0x072d0000, 0x07300ff8, 0x07350000)
  to   space 512K,   0% used [0x07250000, 0x07250000, 0x072d0000)
 tenured generation   total 10944K, used 3348K [0x0c350000, 0x0ce00000, 0x16e00000)
   the space 10944K,  30% used [0x0c350000, 0x0c695120, 0x0c695200, 0x0ce00000)
 Metaspace       used 7734K, capacity 7930K, committed 8064K, reserved 8576K
}
Event: 100.390 GC heap before
{Heap before GC invocations=5 (full 0):
 def new generation   total 4928K, used 4611K [0x06e00000, 0x07350000, 0x0c350000)
  eden space 4416K, 100% used [0x06e00000, 0x07250000, 0x07250000)
  from space 512K,  38% used [0x072d0000, 0x07300ff8, 0x07350000)
  to   space 512K,   0% used [0x07250000, 0x07250000, 0x072d0000)
 tenured generation   total 10944K, used 3348K [0x0c350000, 0x0ce00000, 0x16e00000)
   the space 10944K,  30% used [0x0c350000, 0x0c695120, 0x0c695200, 0x0ce00000)
 Metaspace       used 7734K, capacity 7930K, committed 8064K, reserved 8576K
Event: 100.391 GC heap after
Heap after GC invocations=6 (full 0):
 def new generation   total 4928K, used 198K [0x06e00000, 0x07350000, 0x0c350000)
  eden space 4416K,   0% used [0x06e00000, 0x06e00000, 0x07250000)
  from space 512K,  38% used [0x07250000, 0x072819e8, 0x072d0000)
  to   space 512K,   0% used [0x072d0000, 0x072d0000, 0x07350000)
 tenured generation   total 10944K, used 3348K [0x0c350000, 0x0ce00000, 0x16e00000)
   the space 10944K,  30% used [0x0c350000, 0x0c695120, 0x0c695200, 0x0ce00000)
 Metaspace       used 7734K, capacity 7930K, committed 8064K, reserved 8576K
}
Event: 116.120 GC heap before
{Heap before GC invocations=6 (full 0):
 def new generation   total 4928K, used 4614K [0x06e00000, 0x07350000, 0x0c350000)
  eden space 4416K, 100% used [0x06e00000, 0x07250000, 0x07250000)
  from space 512K,  38% used [0x07250000, 0x072819e8, 0x072d0000)
  to   space 512K,   0% used [0x072d0000, 0x072d0000, 0x07350000)
 tenured generation   total 10944K, used 3348K [0x0c350000, 0x0ce00000, 0x16e00000)
   the space 10944K,  30% used [0x0c350000, 0x0c695120, 0x0c695200, 0x0ce00000)
 Metaspace       used 7812K, capacity 7994K, committed 8064K, reserved 8576K
Event: 116.122 GC heap after
Heap after GC invocations=7 (full 0):
 def new generation   total 4928K, used 275K [0x06e00000, 0x07350000, 0x0c350000)
  eden space 4416K,   0% used [0x06e00000, 0x06e00000, 0x07250000)
  from space 512K,  53% used [0x072d0000, 0x07314ef0, 0x07350000)
  to   space 512K,   0% used [0x07250000, 0x07250000, 0x072d0000)
 tenured generation   total 10944K, used 3348K [0x0c350000, 0x0ce00000, 0x16e00000)
   the space 10944K,  30% used [0x0c350000, 0x0c695120, 0x0c695200, 0x0ce00000)
 Metaspace       used 7812K, capacity 7994K, committed 8064K, reserved 8576K
}
Event: 145.748 GC heap before
{Heap before GC invocations=7 (full 0):
 def new generation   total 4928K, used 4691K [0x06e00000, 0x07350000, 0x0c350000)
  eden space 4416K, 100% used [0x06e00000, 0x07250000, 0x07250000)
  from space 512K,  53% used [0x072d0000, 0x07314ef0, 0x07350000)
  to   space 512K,   0% used [0x07250000, 0x07250000, 0x072d0000)
 tenured generation   total 10944K, used 3348K [0x0c350000, 0x0ce00000, 0x16e00000)
   the space 10944K,  30% used [0x0c350000, 0x0c695120, 0x0c695200, 0x0ce00000)
 Metaspace       used 7812K, capacity 7994K, committed 8064K, reserved 8576K
Event: 145.750 GC heap after
Heap after GC invocations=8 (full 0):
 def new generation   total 4928K, used 411K [0x06e00000, 0x07350000, 0x0c350000)
  eden space 4416K,   0% used [0x06e00000, 0x06e00000, 0x07250000)
  from space 512K,  80% used [0x07250000, 0x072b6dc8, 0x072d0000)
  to   space 512K,   0% used [0x072d0000, 0x072d0000, 0x07350000)
 tenured generation   total 10944K, used 3373K [0x0c350000, 0x0ce00000, 0x16e00000)
   the space 10944K,  30% used [0x0c350000, 0x0c69b7f0, 0x0c69b800, 0x0ce00000)
 Metaspace       used 7812K, capacity 7994K, committed 8064K, reserved 8576K
}
Event: 166.261 GC heap before
{Heap before GC invocations=8 (full 0):
 def new generation   total 4928K, used 4827K [0x06e00000, 0x07350000, 0x0c350000)
  eden space 4416K, 100% used [0x06e00000, 0x07250000, 0x07250000)
  from space 512K,  80% used [0x07250000, 0x072b6dc8, 0x072d0000)
  to   space 512K,   0% used [0x072d0000, 0x072d0000, 0x07350000)
 tenured generation   total 10944K, used 3373K [0x0c350000, 0x0ce00000, 0x16e00000)
   the space 10944K,  30% used [0x0c350000, 0x0c69b7f0, 0x0c69b800, 0x0ce00000)
 Metaspace       used 7812K, capacity 7994K, committed 8064K, reserved 8576K
Event: 166.262 GC heap after
Heap after GC invocations=9 (full 0):
 def new generation   total 4928K, used 37K [0x06e00000, 0x07350000, 0x0c350000)
  eden space 4416K,   0% used [0x06e00000, 0x06e00000, 0x07250000)
  from space 512K,   7% used [0x072d0000, 0x072d9610, 0x07350000)
  to   space 512K,   0% used [0x07250000, 0x07250000, 0x072d0000)
 tenured generation   total 10944K, used 3778K [0x0c350000, 0x0ce00000, 0x16e00000)
   the space 10944K,  34% used [0x0c350000, 0x0c700b30, 0x0c700c00, 0x0ce00000)
 Metaspace       used 7812K, capacity 7994K, committed 8064K, reserved 8576K
}

